<?xml version="1.0" encoding="UTF-8"?>
<testsuite xmlns:xsi="http://www.w3.org/2001/XMLSchema-instance" xsi:noNamespaceSchemaLocation="https://maven.apache.org/surefire/maven-surefire-plugin/xsd/surefire-test-report.xsd" version="3.0.2" name="com.rene.pedidos.SistemaPedidosApplicationTests" time="7.761" tests="1" errors="0" skipped="0" failures="0" flakes="0">
  <properties>
[...]
</properties>
  <testcase name="contextLoads" classname="com.rene.pedidos.SistemaPedidosApplicationTests" time="0.323">
    <system-out><![CDATA[23:25:02.283 [main] INFO org.springframework.test.context.support.AnnotationConfigContextLoaderUtils -- Could not detect default configuration classes for test class [com.rene.pedidos.SistemaPedidosApplicationTests]: SistemaPedidosApplicationTests does not declare any static, non-private, non-final, nested classes annotated with @Configuration.
23:25:02.378 [main] INFO org.springframework.boot.test.context.SpringBootTestContextBootstrapper -- Found @SpringBootConfiguration com.rene.pedidos.SistemaPedidosApplication for test class com.rene.pedidos.SistemaPedidosApplicationTests

  .   ____          _            __ _ _
 /\\ / ___'_ __ _ _(_)_ __  __ _ \ \ \ \
( ( )\___ | '_ | '_| | '_ \/ _` | \ \ \ \
 \\/  ___)| |_)| | | | | || (_| |  ) ) ) )
  '  |____| .__|_| |_|_| |_\__, | / / / /
 =========|_|==============|___/=/_/_/_/

 :: Spring Boot ::               (v3.5.13)

2026-04-29T23:25:03.930-06:00  INFO 5756 --- [cart service] [           main] c.r.p.SistemaPedidosApplicationTests     : Starting SistemaPedidosApplicationTests using Java 26 with PID 5756 (started by diego in C:\Users\diego\IdeaProjects\cart-service)
2026-04-29T23:25:03.931-06:00  INFO 5756 --- [cart service] [           main] c.r.p.SistemaPedidosApplicationTests     : No active profile set, falling back to 1 default profile: "default"
2026-04-29T23:25:04.577-06:00  INFO 5756 --- [cart service] [           main] .s.d.r.c.RepositoryConfigurationDelegate : Bootstrapping Spring Data JPA repositories in DEFAULT mode.
2026-04-29T23:25:04.672-06:00  INFO 5756 --- [cart service] [           main] .s.d.r.c.RepositoryConfigurationDelegate : Finished Spring Data repository scanning in 88 ms. Found 1 JPA repository interface.
2026-04-29T23:25:04.875-06:00  INFO 5756 --- [cart service] [           main] o.s.cloud.context.scope.GenericScope     : BeanFactory id=8de5f324-c3ed-3f74-81ca-a9b3b77334a2
2026-04-29T23:25:05.167-06:00  INFO 5756 --- [cart service] [           main] o.hibernate.jpa.internal.util.LogHelper  : HHH000204: Processing PersistenceUnitInfo [name: default]
2026-04-29T23:25:05.206-06:00  INFO 5756 --- [cart service] [           main] org.hibernate.Version                    : HHH000412: Hibernate ORM core version 6.6.45.Final
2026-04-29T23:25:05.237-06:00  INFO 5756 --- [cart service] [           main] o.h.c.internal.RegionFactoryInitiator    : HHH000026: Second-level cache disabled
2026-04-29T23:25:05.523-06:00  INFO 5756 --- [cart service] [           main] o.s.o.j.p.SpringPersistenceUnitInfo      : No LoadTimeWeaver setup: ignoring JPA class transformer
2026-04-29T23:25:05.552-06:00  INFO 5756 --- [cart service] [           main] com.zaxxer.hikari.HikariDataSource       : HikariPool-1 - Starting...
2026-04-29T23:25:05.700-06:00  INFO 5756 --- [cart service] [           main] com.zaxxer.hikari.pool.HikariPool        : HikariPool-1 - Added connection com.mysql.cj.jdbc.ConnectionImpl@1450ffa3
2026-04-29T23:25:05.701-06:00  INFO 5756 --- [cart service] [           main] com.zaxxer.hikari.HikariDataSource       : HikariPool-1 - Start completed.
2026-04-29T23:25:05.715-06:00  WARN 5756 --- [cart service] [           main] org.hibernate.orm.deprecation            : HHH90000025: MySQL8Dialect does not need to be specified explicitly using 'hibernate.dialect' (remove the property setting and it will be selected by default)
2026-04-29T23:25:05.716-06:00  WARN 5756 --- [cart service] [           main] org.hibernate.orm.deprecation            : HHH90000026: MySQL8Dialect has been deprecated; use org.hibernate.dialect.MySQLDialect instead
2026-04-29T23:25:05.727-06:00  INFO 5756 --- [cart service] [           main] org.hibernate.orm.connections.pooling    : HHH10001005: Database info:
	Database JDBC URL [Connecting through datasource 'HikariDataSource (HikariPool-1)']
	Database driver: undefined/unknown
	Database version: 8.0
	Autocommit mode: undefined/unknown
	Isolation level: undefined/unknown
	Minimum pool size: undefined/unknown
	Maximum pool size: undefined/unknown
2026-04-29T23:25:06.282-06:00  INFO 5756 --- [cart service] [           main] o.h.e.t.j.p.i.JtaPlatformInitiator       : HHH000489: No JTA platform available (set 'hibernate.transaction.jta.platform' to enable JTA platform integration)
Hibernate: 
    create table pedidos (
        id bigint not null auto_increment,
        cliente varchar(120) not null,
        estado varchar(50) not null,
        fecha_pedido date not null,
        total decimal(10,2) not null,
        primary key (id)
    ) engine=InnoDB
2026-04-29T23:25:06.338-06:00  INFO 5756 --- [cart service] [           main] j.LocalContainerEntityManagerFactoryBean : Initialized JPA EntityManagerFactory for persistence unit 'default'
2026-04-29T23:25:06.647-06:00  WARN 5756 --- [cart service] [           main] JpaBaseConfiguration$JpaWebConfiguration : spring.jpa.open-in-view is enabled by default. Therefore, database queries may be performed during view rendering. Explicitly configure spring.jpa.open-in-view to disable this warning
2026-04-29T23:25:08.109-06:00  INFO 5756 --- [cart service] [           main] o.s.cloud.commons.util.InetUtils         : Cannot determine local hostname
2026-04-29T23:25:09.130-06:00  INFO 5756 --- [cart service] [           main] o.s.cloud.commons.util.InetUtils         : Cannot determine local hostname
2026-04-29T23:25:09.148-06:00  INFO 5756 --- [cart service] [           main] DiscoveryClientOptionalArgsConfiguration : Eureka HTTP Client uses RestTemplate.
2026-04-29T23:25:09.180-06:00  WARN 5756 --- [cart service] [           main] iguration$LoadBalancerCaffeineWarnLogger : Spring Cloud LoadBalancer is currently working with the default cache. While this cache implementation is useful for development and tests, it's recommended to use Caffeine cache in production.You can switch to using Caffeine cache, by adding it and org.springframework.cache.caffeine.CaffeineCacheManager to the classpath.
2026-04-29T23:25:09.201-06:00  INFO 5756 --- [cart service] [           main] o.s.c.n.eureka.InstanceInfoFactory       : Setting initial instance status as: STARTING
2026-04-29T23:25:09.228-06:00  INFO 5756 --- [cart service] [           main] com.netflix.discovery.DiscoveryClient    : Initializing Eureka in region us-east-1
2026-04-29T23:25:09.231-06:00  INFO 5756 --- [cart service] [           main] c.n.d.s.r.aws.ConfigClusterResolver      : Resolving eureka endpoints via configuration
2026-04-29T23:25:09.238-06:00  INFO 5756 --- [cart service] [           main] com.netflix.discovery.DiscoveryClient    : Disable delta property : false
2026-04-29T23:25:09.238-06:00  INFO 5756 --- [cart service] [           main] com.netflix.discovery.DiscoveryClient    : Single vip registry refresh property : null
2026-04-29T23:25:09.238-06:00  INFO 5756 --- [cart service] [           main] com.netflix.discovery.DiscoveryClient    : Force full registry fetch : false
2026-04-29T23:25:09.238-06:00  INFO 5756 --- [cart service] [           main] com.netflix.discovery.DiscoveryClient    : Application is null : false
2026-04-29T23:25:09.238-06:00  INFO 5756 --- [cart service] [           main] com.netflix.discovery.DiscoveryClient    : Registered Applications size is zero : true
2026-04-29T23:25:09.238-06:00  INFO 5756 --- [cart service] [           main] com.netflix.discovery.DiscoveryClient    : Application version is -1: true
2026-04-29T23:25:09.239-06:00  INFO 5756 --- [cart service] [           main] com.netflix.discovery.DiscoveryClient    : Getting all instance registry info from the eureka server
2026-04-29T23:25:09.568-06:00  INFO 5756 --- [cart service] [           main] com.netflix.discovery.DiscoveryClient    : The response status is 200
2026-04-29T23:25:09.570-06:00  INFO 5756 --- [cart service] [           main] com.netflix.discovery.DiscoveryClient    : Starting heartbeat executor: renew interval is: 30
2026-04-29T23:25:09.571-06:00  INFO 5756 --- [cart service] [           main] c.n.discovery.InstanceInfoReplicator     : InstanceInfoReplicator onDemand update allowed rate per min is 4
2026-04-29T23:25:09.572-06:00  INFO 5756 --- [cart service] [           main] com.netflix.discovery.DiscoveryClient    : Discovery Client initialized at timestamp 1777526709572 with initial instances count: 0
2026-04-29T23:25:09.575-06:00  INFO 5756 --- [cart service] [           main] o.s.c.n.e.s.EurekaServiceRegistry        : Registering application CART SERVICE with eureka with status UP
2026-04-29T23:25:09.576-06:00  INFO 5756 --- [cart service] [           main] com.netflix.discovery.DiscoveryClient    : Saw local status change event StatusChangeEvent [timestamp=1777526709575, current=UP, previous=STARTING]
2026-04-29T23:25:09.577-06:00  INFO 5756 --- [cart service] [foReplicator-%d] com.netflix.discovery.DiscoveryClient    : DiscoveryClient_CART SERVICE/localhost:cart service:8083: registering service...
2026-04-29T23:25:09.581-06:00  INFO 5756 --- [cart service] [           main] c.r.p.SistemaPedidosApplicationTests     : Started SistemaPedidosApplicationTests in 6.976 seconds (process running for 8.497)
2026-04-29T23:25:09.692-06:00  INFO 5756 --- [cart service] [foReplicator-%d] com.netflix.discovery.DiscoveryClient    : DiscoveryClient_CART SERVICE/localhost:cart service:8083 - registration status: 204
]]></system-out>
    <system-err><![CDATA[Mockito is currently self-attaching to enable the inline-mock-maker. This will no longer work in future releases of the JDK. Please add Mockito as an agent to your build as described in Mockito's documentation: https://javadoc.io/doc/org.mockito/mockito-core/latest/org.mockito/org/mockito/Mockito.html#0.3
WARNING: A Java agent has been loaded dynamically (C:\Users\diego\.m2\repository\net\bytebuddy\byte-buddy-agent\1.17.8\byte-buddy-agent-1.17.8.jar)
WARNING: If a serviceability tool is in use, please run with -XX:+EnableDynamicAgentLoading to hide this warning
WARNING: If a serviceability tool is not in use, please run with -Djdk.instrument.traceUsage for more information
WARNING: Dynamic loading of agents will be disallowed by default in a future release
]]></system-err>
  </testcase>
</testsuite>